{
  "stats": {
    "suites": 1,
    "tests": 5,
    "passes": 5,
    "pending": 0,
    "failures": 0,
    "start": "2025-07-17T23:09:05.672Z",
    "end": "2025-07-17T23:09:09.193Z",
    "duration": 3521,
    "testsRegistered": 5,
    "passPercent": 100,
    "pendingPercent": 0,
    "other": 0,
    "hasOther": false,
    "skipped": 0,
    "hasSkipped": false
  },
  "results": [
    {
      "uuid": "05fccbe1-3bbd-49dd-a142-b77bec64770b",
      "title": "",
      "fullFile": "C:\\Users\\Salsabila\\VSCode\\gorest\\test\\crudUser.js",
      "file": "\\test\\crudUser.js",
      "beforeHooks": [],
      "afterHooks": [],
      "tests": [],
      "suites": [
        {
          "uuid": "a88d6c0d-dfb8-4c9d-a1a3-077468828b4d",
          "title": "User API Tests (GoREST)",
          "fullFile": "C:\\Users\\Salsabila\\VSCode\\gorest\\test\\crudUser.js",
          "file": "\\test\\crudUser.js",
          "beforeHooks": [],
          "afterHooks": [],
          "tests": [
            {
              "title": "should return 201 for valid new user",
              "fullTitle": "User API Tests (GoREST) should return 201 for valid new user",
              "timedOut": false,
              "duration": 657,
              "state": "passed",
              "speed": "slow",
              "pass": true,
              "fail": false,
              "pending": false,
              "context": null,
              "code": "const newUser = {\n  name: \"Salsabila\",\n  email: `salsabila.${Date.now()}@example.com`,\n  gender: \"female\",\n  status: \"active\"\n};\nconst response = await request(baseUrl)\n  .post('/users')\n  .set('Authorization', authToken)\n  .send(newUser);\nconsole.log('CREATE RESPONSE:', response.body);\nexpect(response.status).to.equal(201);\nexpect(response.body).to.have.property(\"id\");\nuserId = response.body.id;",
              "err": {},
              "uuid": "e42dc9c6-d6f6-44f7-b81c-6d4dea7a6327",
              "parentUUID": "a88d6c0d-dfb8-4c9d-a1a3-077468828b4d",
              "isHook": false,
              "skipped": false
            },
            {
              "title": "should return 422 when creating user without email",
              "fullTitle": "User API Tests (GoREST) should return 422 when creating user without email",
              "timedOut": false,
              "duration": 499,
              "state": "passed",
              "speed": "slow",
              "pass": true,
              "fail": false,
              "pending": false,
              "context": null,
              "code": "const newUser = {\n  name: \"Invalid User\",\n  gender: \"male\",\n  status: \"active\"\n};\nconst response = await request(baseUrl)\n  .post('/users')\n  .set('Authorization', authToken)\n  .send(newUser);\nconsole.log('CREATE NEGATIVE RESPONSE:', response.body);\nexpect(response.status).to.equal(422);\nexpect(response.body[0]).to.have.property(\"field\", \"email\");",
              "err": {},
              "uuid": "a2f0dd54-d381-4dc2-8694-7a3550d72cc5",
              "parentUUID": "a88d6c0d-dfb8-4c9d-a1a3-077468828b4d",
              "isHook": false,
              "skipped": false
            },
            {
              "title": "should return 200 on get created user details",
              "fullTitle": "User API Tests (GoREST) should return 200 on get created user details",
              "timedOut": false,
              "duration": 616,
              "state": "passed",
              "speed": "slow",
              "pass": true,
              "fail": false,
              "pending": false,
              "context": null,
              "code": "const response = await request(baseUrl)\n  .get(`/users/${userId}`)\n  .set('Authorization', authToken);\nconsole.log('GET RESPONSE:', response.body);\nexpect(response.status).to.equal(200);\nexpect(response.body).to.have.property(\"id\", userId);",
              "err": {},
              "uuid": "489586dd-fb5b-493e-b3f4-6b52101b9234",
              "parentUUID": "a88d6c0d-dfb8-4c9d-a1a3-077468828b4d",
              "isHook": false,
              "skipped": false
            },
            {
              "title": "should return 200 on update user",
              "fullTitle": "User API Tests (GoREST) should return 200 on update user",
              "timedOut": false,
              "duration": 611,
              "state": "passed",
              "speed": "slow",
              "pass": true,
              "fail": false,
              "pending": false,
              "context": null,
              "code": "const updatedData = {\n  name: \"Salsabila Updated\",\n  status: \"inactive\"\n};\nconst response = await request(baseUrl)\n  .put(`/users/${userId}`)\n  .set('Authorization', authToken)\n  .send(updatedData);\nconsole.log('UPDATE RESPONSE:', response.body);\nexpect(response.status).to.equal(200);\nexpect(response.body).to.have.property(\"name\", \"Salsabila Updated\");",
              "err": {},
              "uuid": "e2b14022-b483-4dbc-b738-4a23e65fc0c5",
              "parentUUID": "a88d6c0d-dfb8-4c9d-a1a3-077468828b4d",
              "isHook": false,
              "skipped": false
            },
            {
              "title": "should return 204 on delete user",
              "fullTitle": "User API Tests (GoREST) should return 204 on delete user",
              "timedOut": false,
              "duration": 1124,
              "state": "passed",
              "speed": "slow",
              "pass": true,
              "fail": false,
              "pending": false,
              "context": null,
              "code": "const response = await request(baseUrl)\n  .delete(`/users/${userId}`)\n  .set('Authorization', authToken);\nconsole.log('DELETE RESPONSE:', response.status);\nexpect(response.status).to.equal(204);",
              "err": {},
              "uuid": "59ebdcef-3059-4f54-afc2-cc73cd78f385",
              "parentUUID": "a88d6c0d-dfb8-4c9d-a1a3-077468828b4d",
              "isHook": false,
              "skipped": false
            }
          ],
          "suites": [],
          "passes": [
            "e42dc9c6-d6f6-44f7-b81c-6d4dea7a6327",
            "a2f0dd54-d381-4dc2-8694-7a3550d72cc5",
            "489586dd-fb5b-493e-b3f4-6b52101b9234",
            "e2b14022-b483-4dbc-b738-4a23e65fc0c5",
            "59ebdcef-3059-4f54-afc2-cc73cd78f385"
          ],
          "failures": [],
          "pending": [],
          "skipped": [],
          "duration": 3507,
          "root": false,
          "rootEmpty": false,
          "_timeout": 2000
        }
      ],
      "passes": [],
      "failures": [],
      "pending": [],
      "skipped": [],
      "duration": 0,
      "root": true,
      "rootEmpty": true,
      "_timeout": 2000
    }
  ],
  "meta": {
    "mocha": {
      "version": "11.7.1"
    },
    "mochawesome": {
      "options": {
        "quiet": false,
        "reportFilename": "mochawesome",
        "saveHtml": true,
        "saveJson": true,
        "consoleReporter": "spec",
        "useInlineDiffs": false,
        "code": true
      },
      "version": "7.1.3"
    },
    "marge": {
      "options": null,
      "version": "6.2.0"
    }
  }
}