{
  "stats": {
    "suites": 1,
    "tests": 5,
    "passes": 5,
    "pending": 0,
    "failures": 0,
    "start": "2025-07-18T03:12:24.676Z",
    "end": "2025-07-18T03:12:28.698Z",
    "duration": 4022,
    "testsRegistered": 5,
    "passPercent": 100,
    "pendingPercent": 0,
    "other": 0,
    "hasOther": false,
    "skipped": 0,
    "hasSkipped": false
  },
  "results": [
    {
      "uuid": "e87b59ca-96c4-4208-87c6-5fef19b0084d",
      "title": "",
      "fullFile": "C:\\Users\\Salsabila\\VSCode\\gorest\\test\\crudUser.js",
      "file": "\\test\\crudUser.js",
      "beforeHooks": [],
      "afterHooks": [],
      "tests": [],
      "suites": [
        {
          "uuid": "d8c07fa4-bdb0-4551-8607-20c2ba6681d4",
          "title": "User API Tests (GoREST)",
          "fullFile": "C:\\Users\\Salsabila\\VSCode\\gorest\\test\\crudUser.js",
          "file": "\\test\\crudUser.js",
          "beforeHooks": [],
          "afterHooks": [],
          "tests": [
            {
              "title": "should return 201 for valid new user",
              "fullTitle": "User API Tests (GoREST) should return 201 for valid new user",
              "timedOut": false,
              "duration": 821,
              "state": "passed",
              "speed": "slow",
              "pass": true,
              "fail": false,
              "pending": false,
              "context": null,
              "code": "const newUser = {\n  name: \"Salsabila\",\n  email: `salsabila.${Date.now()}@example.com`,\n  gender: \"female\",\n  status: \"active\"\n};\nconst response = await request(baseUrl)\n  .post('/users')\n  .set('Authorization', authToken)\n  .send(newUser);\nconsole.log('CREATE RESPONSE:', response.body);\nexpect(response.status).to.equal(201);\nexpect(response.body).to.have.property(\"id\");\nuserId = response.body.id;",
              "err": {},
              "uuid": "24280dc7-aa6a-4888-b5c7-add421cfaf7d",
              "parentUUID": "d8c07fa4-bdb0-4551-8607-20c2ba6681d4",
              "isHook": false,
              "skipped": false
            },
            {
              "title": "should return 422 when creating user without email",
              "fullTitle": "User API Tests (GoREST) should return 422 when creating user without email",
              "timedOut": false,
              "duration": 831,
              "state": "passed",
              "speed": "slow",
              "pass": true,
              "fail": false,
              "pending": false,
              "context": null,
              "code": "const newUser = {\n  name: \"Invalid User\",\n  gender: \"male\",\n  status: \"active\"\n};\nconst response = await request(baseUrl)\n  .post('/users')\n  .set('Authorization', authToken)\n  .send(newUser);\nconsole.log('CREATE NEGATIVE RESPONSE:', response.body);\nexpect(response.status).to.equal(422);\nexpect(response.body[0]).to.have.property(\"field\", \"email\");",
              "err": {},
              "uuid": "ebe37cc0-58e7-4920-a589-901de59ffff5",
              "parentUUID": "d8c07fa4-bdb0-4551-8607-20c2ba6681d4",
              "isHook": false,
              "skipped": false
            },
            {
              "title": "should return 200 on get created user details",
              "fullTitle": "User API Tests (GoREST) should return 200 on get created user details",
              "timedOut": false,
              "duration": 843,
              "state": "passed",
              "speed": "slow",
              "pass": true,
              "fail": false,
              "pending": false,
              "context": null,
              "code": "const response = await request(baseUrl)\n  .get(`/users/${userId}`)\n  .set('Authorization', authToken);\nconsole.log('GET RESPONSE:', response.body);\nexpect(response.status).to.equal(200);\nexpect(response.body).to.have.property(\"id\", userId);",
              "err": {},
              "uuid": "d1df8c24-8cac-42d7-8f5f-550b43da85fc",
              "parentUUID": "d8c07fa4-bdb0-4551-8607-20c2ba6681d4",
              "isHook": false,
              "skipped": false
            },
            {
              "title": "should return 200 on update user",
              "fullTitle": "User API Tests (GoREST) should return 200 on update user",
              "timedOut": false,
              "duration": 696,
              "state": "passed",
              "speed": "slow",
              "pass": true,
              "fail": false,
              "pending": false,
              "context": null,
              "code": "const updatedData = {\n  name: \"Salsabila Updated\",\n  status: \"inactive\"\n};\nconst response = await request(baseUrl)\n  .put(`/users/${userId}`)\n  .set('Authorization', authToken)\n  .send(updatedData);\nconsole.log('UPDATE RESPONSE:', response.body);\nexpect(response.status).to.equal(200);\nexpect(response.body).to.have.property(\"name\", \"Salsabila Updated\");",
              "err": {},
              "uuid": "be072b73-d548-437c-8eb7-3c7d573d10f4",
              "parentUUID": "d8c07fa4-bdb0-4551-8607-20c2ba6681d4",
              "isHook": false,
              "skipped": false
            },
            {
              "title": "should return 204 on delete user",
              "fullTitle": "User API Tests (GoREST) should return 204 on delete user",
              "timedOut": false,
              "duration": 818,
              "state": "passed",
              "speed": "slow",
              "pass": true,
              "fail": false,
              "pending": false,
              "context": null,
              "code": "const response = await request(baseUrl)\n  .delete(`/users/${userId}`)\n  .set('Authorization', authToken);\nconsole.log('DELETE RESPONSE:', response.status);\nexpect(response.status).to.equal(204);",
              "err": {},
              "uuid": "aa21985a-fc2b-4169-b585-743b707e95de",
              "parentUUID": "d8c07fa4-bdb0-4551-8607-20c2ba6681d4",
              "isHook": false,
              "skipped": false
            }
          ],
          "suites": [],
          "passes": [
            "24280dc7-aa6a-4888-b5c7-add421cfaf7d",
            "ebe37cc0-58e7-4920-a589-901de59ffff5",
            "d1df8c24-8cac-42d7-8f5f-550b43da85fc",
            "be072b73-d548-437c-8eb7-3c7d573d10f4",
            "aa21985a-fc2b-4169-b585-743b707e95de"
          ],
          "failures": [],
          "pending": [],
          "skipped": [],
          "duration": 4009,
          "root": false,
          "rootEmpty": false,
          "_timeout": 10000
        }
      ],
      "passes": [],
      "failures": [],
      "pending": [],
      "skipped": [],
      "duration": 0,
      "root": true,
      "rootEmpty": true,
      "_timeout": 10000
    }
  ],
  "meta": {
    "mocha": {
      "version": "11.7.1"
    },
    "mochawesome": {
      "options": {
        "quiet": false,
        "reportFilename": "mochawesome",
        "saveHtml": true,
        "saveJson": true,
        "consoleReporter": "spec",
        "useInlineDiffs": false,
        "code": true
      },
      "version": "7.1.3"
    },
    "marge": {
      "options": null,
      "version": "6.2.0"
    }
  }
}